

Microchip Technology PIC LITE Macro Assembler V1.32 build 58300 
                                                                                               Tue Jul 22 16:32:10 2014

Microchip Technology Omniscient Code Generator (Lite mode) build 58300
     1                           	processor	10F220
     2                           	opt	pw 120
     3                           	opt	lm
     4                           	psect	maintext,global,class=CODE,split=1,delta=2
     5                           	psect	cinit,global,class=ENTRY,merge=1,delta=2
     6                           	psect	cstackBANK0,global,class=BANK0,space=1,delta=1
     7                           	dabs	1,0x1C,4
     8  0000                     	;# 
     9  0001                     	;# 
    10  0002                     	;# 
    11  0003                     	;# 
    12  0004                     	;# 
    13  0005                     	;# 
    14  0006                     	;# 
    15  0007                     	;# 
    16  0008                     	;# 
    17  0006                     _TRIS	set	6
    18  0032                     _GP2	set	50
    19                           
    20                           	psect	maintext
    21  005                     __pmaintext:	
    22                           ; #config settings
    23                           
    24                           
    25 ;;
    26 ;;Main: autosize = 0, tempsize = 3, incstack = 0, save=0
    27 ;;
    28 ;; *************** function _main *****************
    29 ;; Defined at:
    30 ;;		line 6 in file "main.c"
    31 ;; Parameters:    Size  Location     Type
    32 ;;		None
    33 ;; Auto vars:     Size  Location     Type
    34 ;;		None
    35 ;; Return value:  Size  Location     Type
    36 ;;		None               void
    37 ;; Registers used:
    38 ;;		wreg, fsr0l, fsr0h
    39 ;; Tracked objects:
    40 ;;		On entry : 17F/0
    41 ;;		On exit  : 0/0
    42 ;;		Unchanged: 0/0
    43 ;; Data sizes:     COMMON   BANK0
    44 ;;      Params:         0       0
    45 ;;      Locals:         0       0
    46 ;;      Temps:          0       3
    47 ;;      Totals:         0       3
    48 ;;Total ram usage:        3 bytes
    49 ;; This function calls:
    50 ;;		Nothing
    51 ;; This function is called by:
    52 ;;		Startup code after reset
    53 ;; This function uses a non-reentrant model
    54 ;;
    55  005                     _main:	
    56                           
    57                           ;main.c: 8: TRIS = 9;
    58                           
    59                           ;incstack = 0
    60                           ; Regs used in _main: [wregfsr0]
    61  005  C09                	movlw	9
    62  006  006                	tris	6
    63  007                     l395:	
    64                           ;main.c: 10: while(1)
    65                           
    66                           
    67                           ;main.c: 11: {
    68                           ;main.c: 12: GP2 = 0;
    69  007  446                	bcf	6,2	;volatile
    70                           
    71                           ;main.c: 13: _delay((unsigned long)((1000)*(4000000/4000.0)));
    72  008  C06                	movlw	6
    73  009  032                	movwf	??_main+2
    74  00A  C13                	movlw	19
    75  00B  031                	movwf	??_main+1
    76  00C  CB1                	movlw	177
    77  00D  030                	movwf	??_main
    78  00E                     u17:	
    79  00E  2F0                	decfsz	??_main,f
    80  00F  A0E                	goto	u17
    81  010  2F1                	decfsz	??_main+1,f
    82  011  A0E                	goto	u17
    83  012  2F2                	decfsz	??_main+2,f
    84  013  A0E                	goto	u17
    85  014  A15                	nop2
    86                           
    87                           ;main.c: 14: GP2 = 1;
    88  015  546                	bsf	6,2	;volatile
    89                           
    90                           ;main.c: 15: _delay((unsigned long)((1000)*(4000000/4000.0)));
    91  016  C06                	movlw	6
    92  017  032                	movwf	??_main+2
    93  018  C13                	movlw	19
    94  019  031                	movwf	??_main+1
    95  01A  CB1                	movlw	177
    96  01B  030                	movwf	??_main
    97  01C                     u27:	
    98  01C  2F0                	decfsz	??_main,f
    99  01D  A1C                	goto	u27
   100  01E  2F1                	decfsz	??_main+1,f
   101  01F  A1C                	goto	u27
   102  020  2F2                	decfsz	??_main+2,f
   103  021  A1C                	goto	u27
   104  022  A23                	nop2
   105  023  A07                	goto	l395
   106  024                     __end_of_main:	
   107  001C                     btemp	set	28	;btemp
   108  001C                     wtemp	set	28
   109  001C                     wtemp0	set	28
   110  001E                     wtemp1	set	30
   111  0020                     wtemp2	set	32
   112  0022                     wtemp3	set	34
   113  0024                     wtemp4	set	36
   114  0026                     wtemp5	set	38
   115  001D                     wtemp6	set	29
   116  001C                     ttemp	set	28
   117  001C                     ttemp0	set	28
   118  001F                     ttemp1	set	31
   119  0022                     ttemp2	set	34
   120  0025                     ttemp3	set	37
   121  001D                     ttemp4	set	29
   122  001C                     ltemp	set	28
   123  001C                     ltemp0	set	28
   124  0020                     ltemp1	set	32
   125  0024                     ltemp2	set	36
   126  001E                     ltemp3	set	30
   127                           
   128                           	psect	cinit
   129  003                     start_initialization:	
   130                           ;psect for function _main
   131                           
   132  003                     __initialization:	
   133  003                     end_of_initialization:	
   134                           ;End of C runtime variable initialization code
   135                           
   136  003                     __end_of__initialization:	
   137  003  064                	clrf	4
   138  004  A05                	ljmp	_main	;jump to C main() function
   139                           
   140                           	psect	cstackBANK0
   141  010                     __pcstackBANK0:	
   142  010                     ?_main:	
   143  010                     ??_main:	
   144                           ; 0 bytes @ 0x0
   145                           
   146                           
   147                           ; 0 bytes @ 0x0
   148  010                     	ds	3


Data Sizes:
    Strings     0
    Constant    0
    Data        0
    BSS         0
    Persistent  0
    Stack       0

Auto Spaces:
    Space          Size  Autos    Used
    COMMON            0      0       0
    BANK0            14      3       3

Pointer List with Targets:

    None.

Critical Paths under _main in COMMON

    None.

Critical Paths under _main in BANK0

    None.

Call Graph Tables:

 ---------------------------------------------------------------------------------
 (Depth) Function   	        Calls       Base Space   Used Autos Params    Refs
 ---------------------------------------------------------------------------------
 (0) _main                                                 3     3      0       0
                                              0 BANK0      3     3      0
 ---------------------------------------------------------------------------------
 Estimated maximum stack depth 0
 ---------------------------------------------------------------------------------

 Call Graph Graphs:

 _main (ROOT)

 Address spaces:
Name               Size   Autos  Total    Cost      Usage
STACK                0      0       0       0        0.0%
NULL                 0      0       0       0        0.0%
CODE                 0      0       0       0        0.0%
BITSFR0              0      0       0       1        0.0%
SFR0                 0      0       0       1        0.0%
DATA                 0      0       0       1        0.0%
BITCOMMON            0      0       0       2        0.0%
BITBANK0             E      0       0       3        0.0%
COMMON               0      0       0       4        0.0%
BANK0                E      3       3       5       21.4%
ABS                  0      0       0       6        0.0%


Microchip Technology PIC Macro Assembler V1.32 build 58300 
Symbol Table                                                                                   Tue Jul 22 16:32:10 2014

                     u17 000E                       u27 001C                       fsr 0004  
                    l395 0007                      _GP2 0032                     _TRIS 0006  
                   _main 0005                     btemp 001C                     ltemp 001C  
                   start 0002                     ttemp 001C                     wtemp 001C  
                  ?_main 0010                    ltemp0 001C                    ltemp1 0020  
                  ltemp2 0024                    ltemp3 001E                    ttemp0 001C  
                  ttemp1 001F                    ttemp2 0022                    ttemp3 0025  
                  ttemp4 001D                    wtemp0 001C                    wtemp1 001E  
                  wtemp2 0020                    wtemp3 0022                    wtemp4 0024  
                  wtemp5 0026                    wtemp6 001D          __initialization 0003  
           __end_of_main 0024                   ??_main 0010  __end_of__initialization 0003  
             __pmaintext 0005     end_of_initialization 0003      start_initialization 0003  
              ___latbits 0000            __pcstackBANK0 0010            __size_of_main 001F  
